e:\workspaces\cpp_workspaces\mfilemonitor_exe\monitor\win32\debug\mfilemon.pch
e:\workspaces\cpp_workspaces\mfilemonitor_exe\monitor\win32\debug\vc140.pdb
e:\workspaces\cpp_workspaces\mfilemonitor_exe\monitor\win32\debug\vc140.idb
e:\workspaces\cpp_workspaces\mfilemonitor_exe\monitor\win32\debug\stdafx.obj
e:\workspaces\cpp_workspaces\mfilemonitor_exe\monitor\win32\debug\autoclean.obj
e:\workspaces\cpp_workspaces\mfilemonitor_exe\monitor\win32\debug\defs.obj
e:\workspaces\cpp_workspaces\mfilemonitor_exe\monitor\win32\debug\log.obj
e:\workspaces\cpp_workspaces\mfilemonitor_exe\monitor\win32\debug\main.obj
e:\workspaces\cpp_workspaces\mfilemonitor_exe\monitor\win32\debug\monitor.obj
e:\workspaces\cpp_workspaces\mfilemonitor_exe\monitor\win32\debug\monutils.obj
e:\workspaces\cpp_workspaces\mfilemonitor_exe\monitor\win32\debug\patsegment.obj
e:\workspaces\cpp_workspaces\mfilemonitor_exe\monitor\win32\debug\pattern.obj
e:\workspaces\cpp_workspaces\mfilemonitor_exe\monitor\win32\debug\port.obj
e:\workspaces\cpp_workspaces\mfilemonitor_exe\monitor\win32\debug\portlist.obj
e:\workspaces\cpp_workspaces\mfilemonitor_exe\monitor\win32\debug\sec_api.obj
e:\workspaces\cpp_workspaces\mfilemonitor_exe\win32\debug\mfilemon.ilk
e:\workspaces\cpp_workspaces\mfilemonitor_exe\win32\debug\mfilemon.exe
e:\workspaces\cpp_workspaces\mfilemonitor_exe\win32\debug\mfilemon.pdb
e:\workspaces\cpp_workspaces\mfilemonitor_exe\monitor\win32\debug\resource.res
e:\workspaces\cpp_workspaces\mfilemonitor_exe\monitor\win32\debug\mfilemon.tlog\cl.command.1.tlog
e:\workspaces\cpp_workspaces\mfilemonitor_exe\monitor\win32\debug\mfilemon.tlog\cl.read.1.tlog
e:\workspaces\cpp_workspaces\mfilemonitor_exe\monitor\win32\debug\mfilemon.tlog\cl.write.1.tlog
e:\workspaces\cpp_workspaces\mfilemonitor_exe\monitor\win32\debug\mfilemon.tlog\link.command.1.tlog
e:\workspaces\cpp_workspaces\mfilemonitor_exe\monitor\win32\debug\mfilemon.tlog\link.read.1.tlog
e:\workspaces\cpp_workspaces\mfilemonitor_exe\monitor\win32\debug\mfilemon.tlog\link.write.1.tlog
e:\workspaces\cpp_workspaces\mfilemonitor_exe\monitor\win32\debug\mfilemon.tlog\rc.command.1.tlog
e:\workspaces\cpp_workspaces\mfilemonitor_exe\monitor\win32\debug\mfilemon.tlog\rc.read.1.tlog
e:\workspaces\cpp_workspaces\mfilemonitor_exe\monitor\win32\debug\mfilemon.tlog\rc.write.1.tlog
