e:\workspaces\cpp_workspaces\mfilemonitor_exe\monitorui\win32\debug\mfilemonui.pch
e:\workspaces\cpp_workspaces\mfilemonitor_exe\monitorui\win32\debug\vc140.pdb
e:\workspaces\cpp_workspaces\mfilemonitor_exe\monitorui\win32\debug\vc140.idb
e:\workspaces\cpp_workspaces\mfilemonitor_exe\monitorui\win32\debug\stdafx.obj
e:\workspaces\cpp_workspaces\mfilemonitor_exe\monitorui\win32\debug\autoclean.obj
e:\workspaces\cpp_workspaces\mfilemonitor_exe\monitorui\win32\debug\defs.obj
e:\workspaces\cpp_workspaces\mfilemonitor_exe\monitorui\win32\debug\monitorui.obj
e:\workspaces\cpp_workspaces\mfilemonitor_exe\monitorui\win32\debug\monutils.obj
e:\workspaces\cpp_workspaces\mfilemonitor_exe\win32\debug\mfilemonui.ilk
e:\workspaces\cpp_workspaces\mfilemonitor_exe\win32\debug\mfilemonui.dll
e:\workspaces\cpp_workspaces\mfilemonitor_exe\win32\debug\mfilemonui.pdb
e:\workspaces\cpp_workspaces\mfilemonitor_exe\win32\debug\mfilemonui.lib
e:\workspaces\cpp_workspaces\mfilemonitor_exe\win32\debug\mfilemonui.exp
e:\workspaces\cpp_workspaces\mfilemonitor_exe\monitorui\win32\debug\resource.res
e:\workspaces\cpp_workspaces\mfilemonitor_exe\monitorui\win32\debug\mfilemonui.tlog\cl.command.1.tlog
e:\workspaces\cpp_workspaces\mfilemonitor_exe\monitorui\win32\debug\mfilemonui.tlog\cl.read.1.tlog
e:\workspaces\cpp_workspaces\mfilemonitor_exe\monitorui\win32\debug\mfilemonui.tlog\cl.write.1.tlog
e:\workspaces\cpp_workspaces\mfilemonitor_exe\monitorui\win32\debug\mfilemonui.tlog\link.command.1.tlog
e:\workspaces\cpp_workspaces\mfilemonitor_exe\monitorui\win32\debug\mfilemonui.tlog\link.read.1.tlog
e:\workspaces\cpp_workspaces\mfilemonitor_exe\monitorui\win32\debug\mfilemonui.tlog\link.write.1.tlog
e:\workspaces\cpp_workspaces\mfilemonitor_exe\monitorui\win32\debug\mfilemonui.tlog\mfilemonui.write.1u.tlog
e:\workspaces\cpp_workspaces\mfilemonitor_exe\monitorui\win32\debug\mfilemonui.tlog\rc.command.1.tlog
e:\workspaces\cpp_workspaces\mfilemonitor_exe\monitorui\win32\debug\mfilemonui.tlog\rc.read.1.tlog
e:\workspaces\cpp_workspaces\mfilemonitor_exe\monitorui\win32\debug\mfilemonui.tlog\rc.write.1.tlog
